<?xml version="1.0" encoding="UTF-8"?>
<!-- Generated by org.testng.reporters.JUnitXMLReporter -->
<testsuite hostname="Prakat-L-015" ignored="0" name="chromeTest" tests="9" failures="0" timestamp="2020-05-12T12:47:47 IST" time="147.674" errors="0">
  <testcase name="ResourcesPage" time="0.353" classname="eQualityLab.eQualityLabs_project.Tc_005Resources"/>
  <testcase name="indivualCreatePage" time="1.284" classname="eQualityLab.eQualityLabs_project.Tc_007SignupIndivualAccount"/>
  <testcase name="loginPage" time="10.718" classname="eQualityLab.eQualityLabs_project.Tc_001SignInpage"/>
  <testcase name="businessAccountCreatePage" time="1.239" classname="eQualityLab.eQualityLabs_project.Tc_008SognUpBusinessAccount"/>
  <testcase name="FreeAccountCreatePage" time="1.377" classname="eQualityLab.eQualityLabs_project.Tc_006SignupFreeaccount"/>
  <testcase name="freeAccountPage" time="1.537" classname="eQualityLab.eQualityLabs_project.Tc_002Freeaccount"/>
  <testcase name="TestmatiplePage" time="3.877" classname="eQualityLab.eQualityLabs_project.Tc_009TestMatipleLInk"/>
  <testcase name="IndivualAccountPage" time="1.576" classname="eQualityLab.eQualityLabs_project.Tc_003Indivualaccount"/>
  <testcase name="socialMediaclasses" time="0.96" classname="eQualityLab.eQualityLabs_project.TC_010Socialmedia"/>
</testsuite> <!-- chromeTest -->
