<?xml version="1.0" encoding="UTF-8"?>
<!-- Generated by org.testng.reporters.JUnitXMLReporter -->
<testsuite hostname="Prakat-L-015" ignored="0" name="Test" tests="9" failures="9" timestamp="2020-05-12T10:32:57 IST" time="0.281" errors="0">
  <testcase name="ResourcesPage" time="0.078" classname="eQualityLab.eQualityLabs_project.Tc_005Resources">
    <failure type="java.lang.NullPointerException">
      <![CDATA[java.lang.NullPointerException
at org.openqa.selenium.support.pagefactory.DefaultElementLocator.findElement(DefaultElementLocator.java:69)
at org.openqa.selenium.support.pagefactory.internal.LocatingElementHandler.invoke(LocatingElementHandler.java:38)
at com.sun.proxy.$Proxy7.click(Unknown Source)
at com.PageObjects.HomePage.clickonresource(HomePage.java:42)
at eQualityLab.eQualityLabs_project.Tc_005Resources.ResourcesPage(Tc_005Resources.java:15)
at java.util.ArrayList.forEach(ArrayList.java:1257)
at java.util.concurrent.FutureTask.run(FutureTask.java:266)
at java.util.concurrent.ThreadPoolExecutor.runWorker(ThreadPoolExecutor.java:1149)
at java.util.concurrent.ThreadPoolExecutor$Worker.run(ThreadPoolExecutor.java:624)
at java.lang.Thread.run(Thread.java:748)
... Removed 18 stack frames]]>
    </failure>
  </testcase> <!-- ResourcesPage -->
  <testcase name="indivualCreatePage" time="0.016" classname="eQualityLab.eQualityLabs_project.Tc_007SignupIndivualAccount">
    <failure type="java.lang.NullPointerException">
      <![CDATA[java.lang.NullPointerException
at org.openqa.selenium.support.pagefactory.DefaultElementLocator.findElement(DefaultElementLocator.java:69)
at org.openqa.selenium.support.pagefactory.internal.LocatingElementHandler.invoke(LocatingElementHandler.java:38)
at com.sun.proxy.$Proxy7.click(Unknown Source)
at com.PageObjects.HomePage.clickonsignup(HomePage.java:49)
at eQualityLab.eQualityLabs_project.Tc_007SignupIndivualAccount.indivualCreatePage(Tc_007SignupIndivualAccount.java:13)
at java.util.ArrayList.forEach(ArrayList.java:1257)
at java.util.concurrent.FutureTask.run(FutureTask.java:266)
at java.util.concurrent.ThreadPoolExecutor.runWorker(ThreadPoolExecutor.java:1149)
at java.util.concurrent.ThreadPoolExecutor$Worker.run(ThreadPoolExecutor.java:624)
at java.lang.Thread.run(Thread.java:748)
... Removed 18 stack frames]]>
    </failure>
  </testcase> <!-- indivualCreatePage -->
  <testcase name="loginPage" time="0.016" classname="eQualityLab.eQualityLabs_project.Tc_001SignInpage">
    <failure type="java.lang.NullPointerException">
      <![CDATA[java.lang.NullPointerException
at org.openqa.selenium.support.pagefactory.DefaultElementLocator.findElement(DefaultElementLocator.java:69)
at org.openqa.selenium.support.pagefactory.internal.LocatingElementHandler.invoke(LocatingElementHandler.java:38)
at com.sun.proxy.$Proxy7.click(Unknown Source)
at com.PageObjects.HomePage.clickonsign(HomePage.java:14)
at eQualityLab.eQualityLabs_project.Tc_001SignInpage.loginPage(Tc_001SignInpage.java:14)
at java.util.ArrayList.forEach(ArrayList.java:1257)
at java.util.concurrent.FutureTask.run(FutureTask.java:266)
at java.util.concurrent.ThreadPoolExecutor.runWorker(ThreadPoolExecutor.java:1149)
at java.util.concurrent.ThreadPoolExecutor$Worker.run(ThreadPoolExecutor.java:624)
at java.lang.Thread.run(Thread.java:748)
... Removed 18 stack frames]]>
    </failure>
  </testcase> <!-- loginPage -->
  <testcase name="businessAccountCreatePage" time="0.015" classname="eQualityLab.eQualityLabs_project.Tc_008SognUpBusinessAccount">
    <failure type="java.lang.NullPointerException">
      <![CDATA[java.lang.NullPointerException
at org.openqa.selenium.support.pagefactory.DefaultElementLocator.findElement(DefaultElementLocator.java:69)
at org.openqa.selenium.support.pagefactory.internal.LocatingElementHandler.invoke(LocatingElementHandler.java:38)
at com.sun.proxy.$Proxy7.click(Unknown Source)
at com.PageObjects.HomePage.clickonsignup(HomePage.java:49)
at eQualityLab.eQualityLabs_project.Tc_008SognUpBusinessAccount.businessAccountCreatePage(Tc_008SognUpBusinessAccount.java:13)
at java.util.ArrayList.forEach(ArrayList.java:1257)
at java.util.concurrent.FutureTask.run(FutureTask.java:266)
at java.util.concurrent.ThreadPoolExecutor.runWorker(ThreadPoolExecutor.java:1149)
at java.util.concurrent.ThreadPoolExecutor$Worker.run(ThreadPoolExecutor.java:624)
at java.lang.Thread.run(Thread.java:748)
... Removed 18 stack frames]]>
    </failure>
  </testcase> <!-- businessAccountCreatePage -->
  <testcase name="FreeAccountCreatePage" time="0.0" classname="eQualityLab.eQualityLabs_project.Tc_006SignupFreeaccount">
    <failure type="java.lang.NullPointerException">
      <![CDATA[java.lang.NullPointerException
at org.openqa.selenium.support.pagefactory.DefaultElementLocator.findElement(DefaultElementLocator.java:69)
at org.openqa.selenium.support.pagefactory.internal.LocatingElementHandler.invoke(LocatingElementHandler.java:38)
at com.sun.proxy.$Proxy7.click(Unknown Source)
at com.PageObjects.HomePage.clickonsignup(HomePage.java:49)
at eQualityLab.eQualityLabs_project.Tc_006SignupFreeaccount.FreeAccountCreatePage(Tc_006SignupFreeaccount.java:13)
at java.util.ArrayList.forEach(ArrayList.java:1257)
at java.util.concurrent.FutureTask.run(FutureTask.java:266)
at java.util.concurrent.ThreadPoolExecutor.runWorker(ThreadPoolExecutor.java:1149)
at java.util.concurrent.ThreadPoolExecutor$Worker.run(ThreadPoolExecutor.java:624)
at java.lang.Thread.run(Thread.java:748)
... Removed 18 stack frames]]>
    </failure>
  </testcase> <!-- FreeAccountCreatePage -->
  <testcase name="freeAccountPage" time="0.016" classname="eQualityLab.eQualityLabs_project.Tc_002Freeaccount">
    <failure type="java.lang.NullPointerException">
      <![CDATA[java.lang.NullPointerException
at org.openqa.selenium.support.pagefactory.DefaultElementLocator.findElement(DefaultElementLocator.java:69)
at org.openqa.selenium.support.pagefactory.internal.LocatingElementHandler.invoke(LocatingElementHandler.java:38)
at com.sun.proxy.$Proxy7.click(Unknown Source)
at com.PageObjects.TrustMarksPage.clickontrusrmark(TrustMarksPage.java:15)
at eQualityLab.eQualityLabs_project.Tc_002Freeaccount.freeAccountPage(Tc_002Freeaccount.java:13)
at java.util.ArrayList.forEach(ArrayList.java:1257)
at java.util.concurrent.FutureTask.run(FutureTask.java:266)
at java.util.concurrent.ThreadPoolExecutor.runWorker(ThreadPoolExecutor.java:1149)
at java.util.concurrent.ThreadPoolExecutor$Worker.run(ThreadPoolExecutor.java:624)
at java.lang.Thread.run(Thread.java:748)
... Removed 18 stack frames]]>
    </failure>
  </testcase> <!-- freeAccountPage -->
  <testcase name="TestmatiplePage" time="0.015" classname="eQualityLab.eQualityLabs_project.Tc_009TestMatipleLInk">
    <failure type="java.lang.NullPointerException">
      <![CDATA[java.lang.NullPointerException
at org.openqa.selenium.support.pagefactory.DefaultElementLocator.findElement(DefaultElementLocator.java:69)
at org.openqa.selenium.support.pagefactory.internal.LocatingElementHandler.invoke(LocatingElementHandler.java:38)
at com.sun.proxy.$Proxy7.click(Unknown Source)
at com.PageObjects.HomePage.clickonsign(HomePage.java:14)
at eQualityLab.eQualityLabs_project.Tc_009TestMatipleLInk.TestmatiplePage(Tc_009TestMatipleLInk.java:13)
at java.util.ArrayList.forEach(ArrayList.java:1257)
at java.util.concurrent.FutureTask.run(FutureTask.java:266)
at java.util.concurrent.ThreadPoolExecutor.runWorker(ThreadPoolExecutor.java:1149)
at java.util.concurrent.ThreadPoolExecutor$Worker.run(ThreadPoolExecutor.java:624)
at java.lang.Thread.run(Thread.java:748)
... Removed 18 stack frames]]>
    </failure>
  </testcase> <!-- TestmatiplePage -->
  <testcase name="IndivualAccountPage" time="0.0" classname="eQualityLab.eQualityLabs_project.Tc_003Indivualaccount">
    <failure type="java.lang.NullPointerException">
      <![CDATA[java.lang.NullPointerException
at org.openqa.selenium.support.pagefactory.DefaultElementLocator.findElement(DefaultElementLocator.java:69)
at org.openqa.selenium.support.pagefactory.internal.LocatingElementHandler.invoke(LocatingElementHandler.java:38)
at com.sun.proxy.$Proxy7.click(Unknown Source)
at com.PageObjects.TrustMarksPage.clickontrusrmark(TrustMarksPage.java:15)
at eQualityLab.eQualityLabs_project.Tc_003Indivualaccount.IndivualAccountPage(Tc_003Indivualaccount.java:13)
at java.util.ArrayList.forEach(ArrayList.java:1257)
at java.util.concurrent.FutureTask.run(FutureTask.java:266)
at java.util.concurrent.ThreadPoolExecutor.runWorker(ThreadPoolExecutor.java:1149)
at java.util.concurrent.ThreadPoolExecutor$Worker.run(ThreadPoolExecutor.java:624)
at java.lang.Thread.run(Thread.java:748)
... Removed 18 stack frames]]>
    </failure>
  </testcase> <!-- IndivualAccountPage -->
  <testcase name="socialMediaclasses" time="0.0" classname="eQualityLab.eQualityLabs_project.TC_010Socialmedia">
    <failure type="java.lang.NullPointerException">
      <![CDATA[java.lang.NullPointerException
at eQualityLab.eQualityLabs_project.TC_010Socialmedia.socialMediaclasses(TC_010Socialmedia.java:18)
at java.util.ArrayList.forEach(ArrayList.java:1257)
at java.util.concurrent.FutureTask.run(FutureTask.java:266)
at java.util.concurrent.ThreadPoolExecutor.runWorker(ThreadPoolExecutor.java:1149)
at java.util.concurrent.ThreadPoolExecutor$Worker.run(ThreadPoolExecutor.java:624)
at java.lang.Thread.run(Thread.java:748)
... Removed 18 stack frames]]>
    </failure>
  </testcase> <!-- socialMediaclasses -->
</testsuite> <!-- Test -->
