<?xml version="1.0" encoding="UTF-8"?>
<testng-results skipped="0" failed="0" ignored="0" total="1" passed="1">
  <reporter-output>
  </reporter-output>
  <suite name="Surefire suite" duration-ms="38" started-at="2020-05-13T13:46:16 IST" finished-at="2020-05-13T13:46:16 IST">
    <groups>
    </groups>
    <test name="Surefire test" duration-ms="38" started-at="2020-05-13T13:46:16 IST" finished-at="2020-05-13T13:46:16 IST">
      <class name="eQualityLab.eQualityLabs_project.AppTest">
        <test-method status="PASS" signature="testApp()[pri:0, instance:testApp(eQualityLab.eQualityLabs_project.AppTest)]" name="testApp" duration-ms="4" started-at="2020-05-13T13:46:16 IST" finished-at="2020-05-13T13:46:16 IST">
          <reporter-output>
          </reporter-output>
        </test-method> <!-- testApp -->
      </class> <!-- eQualityLab.eQualityLabs_project.AppTest -->
    </test> <!-- Surefire test -->
  </suite> <!-- Surefire suite -->
</testng-results>
